Arguments: 
  C:\Program Files\nodejs\node.exe C:\Users\EAdeyi\AppData\Roaming\npm\node_modules\yarn\bin\yarn.js add --exact react react-dom react-scripts cra-template --cwd C:\projects\september\chakraui\tutorial

PATH: 
  C:\Users\EAdeyi\AppData\Local\Temp\yarn--1662329090553-0.33534115929196706;C:\Users\EAdeyi\AppData\Local\Yarn\Data\global\node_modules\.bin;C:\Users\EAdeyi\AppData\Local\Yarn\Data\link\node_modules\.bin;C:\Users\EAdeyi\AppData\Local\Yarn\bin;C:\Program Files\libexec\lib\node_modules\npm\bin\node-gyp-bin;C:\Program Files\lib\node_modules\npm\bin\node-gyp-bin;C:\Program Files\nodejs\node_modules\npm\bin\node-gyp-bin;C:\windows\system32;C:\windows;C:\windows\System32\Wbem;C:\windows\System32\WindowsPowerShell\v1.0\;C:\windows\System32\OpenSSH\;C:\Program Files\Intel\WiFi\bin\;C:\Program Files\Common Files\Intel\WirelessCommon\;C:\Program Files (x86)\Intel\Intel(R) Management Engine Components\DAL;C:\Program Files\Intel\Intel(R) Management Engine Components\DAL;C:\Program Files\dotnet\;C:\Program Files\Microsoft SQL Server\130\Tools\Binn\;C:\Program Files\Microsoft SQL Server\Client SDK\ODBC\170\Tools\Binn\;C:\Program Files (x86)\Microsoft SQL Server\150\Tools\Binn\;C:\Program Files\Microsoft SQL Server\150\Tools\Binn\;C:\Program Files\Microsoft SQL Server\150\DTS\Binn\;C:\Program Files\Microsoft SQL Server\Client SDK\ODBC\130\Tools\Binn\;C:\Program Files (x86)\Microsoft SQL Server\140\Tools\Binn\;C:\Program Files\Microsoft SQL Server\140\Tools\Binn\;C:\Program Files\Microsoft SQL Server\140\DTS\Binn\;C:\ProgramData\chocolatey\bin;C:\Program Files\Seq\;C:\Program Files\Seq\Client\;%ZOOKEEPER_HOME%\bin;C:\Users\uoghenejakpor\Downloads\Redis\64bit;C:\Program Files\Redis\;C:\Program Files\Docker\Docker\resources\bin;C:\ProgramData\DockerDesktop\version-bin;C:\Program Files (x86)\Microsoft SQL Server\150\DTS\Binn\;C:\Program Files\nodejs\;C:\Program Files\Git\cmd;C:\Program Files (x86)\dotnet\;C:\Users\EAdeyi\AppData\Local\Microsoft\WindowsApps;;C:\Users\EAdeyi\AppData\Local\Programs\Microsoft VS Code\bin;C:\Users\EAdeyi\AppData\Roaming\npm;C:\Users\EAdeyi\.dotnet\tools

Yarn version: 
  1.22.11

Node version: 
  14.17.6

Platform: 
  win32 x64

Trace: 
  Error: EPERM: operation not permitted, unlink 'C:\Users\EAdeyi\AppData\Local\Yarn\Cache\v6\npm-core-js-pure-3.25.0-f8d1f176ff29abbfeb610110de891d5ae5a361d4-integrity\node_modules\core-js-pure\.yarn-tarball.tgz'

npm manifest: 
  {
    "name": "tutorial",
    "version": "0.1.0",
    "private": true
  }

yarn manifest: 
  No manifest

Lockfile: 
  No lockfile
